Start training: 2019-12-09 16:31:03 on utopias.scream.lab
../scripts/marian-train-transformer-guidedalignment.sh -p trans-wmt19-escjsp2ja-sp40kpre.txt -d gpu
get-device.sh: On utopias.scream.lab CUDA_VISIBLE_DEVICES = 0,1,2,3,4,5,6,7,8,9,10,11,12,13,14,15 found, map to device-ids = 0 1 2 3 4 5 6 7 8 9 10 11 12 13 14 15. Mon Dec  9 16:31:01 2019       
+-----------------------------------------------------------------------------+
| NVIDIA-SMI 418.87.00    Driver Version: 418.87.00    CUDA Version: 10.1     |
|-------------------------------+----------------------+----------------------+
| GPU  Name        Persistence-M| Bus-Id        Disp.A | Volatile Uncorr. ECC |
| Fan  Temp  Perf  Pwr:Usage/Cap|         Memory-Usage | GPU-Util  Compute M. |
|===============================+======================+======================|
|   0  Tesla V100-SXM3...  On   | 00000000:34:00.0 Off |                    0 |
| N/A   26C    P0    49W / 350W |     13MiB / 32480MiB |      0%      Default |
+-------------------------------+----------------------+----------------------+
|   1  Tesla V100-SXM3...  On   | 00000000:36:00.0 Off |                    0 |
| N/A   26C    P0    48W / 350W |     13MiB / 32480MiB |      0%      Default |
+-------------------------------+----------------------+----------------------+
|   2  Tesla V100-SXM3...  On   | 00000000:39:00.0 Off |                    0 |
| N/A   32C    P0    49W / 350W |     13MiB / 32480MiB |      0%      Default |
+-------------------------------+----------------------+----------------------+
|   3  Tesla V100-SXM3...  On   | 00000000:3B:00.0 Off |                    0 |
| N/A   31C    P0    49W / 350W |     13MiB / 32480MiB |      0%      Default |
+-------------------------------+----------------------+----------------------+
|   4  Tesla V100-SXM3...  On   | 00000000:57:00.0 Off |                    0 |
| N/A   25C    P0    48W / 350W |     13MiB / 32480MiB |      0%      Default |
+-------------------------------+----------------------+----------------------+
|   5  Tesla V100-SXM3...  On   | 00000000:59:00.0 Off |                    0 |
| N/A   31C    P0    48W / 350W |     13MiB / 32480MiB |      0%      Default |
+-------------------------------+----------------------+----------------------+
|   6  Tesla V100-SXM3...  On   | 00000000:5C:00.0 Off |                    0 |
| N/A   26C    P0    48W / 350W |     13MiB / 32480MiB |      0%      Default |
+-------------------------------+----------------------+----------------------+
|   7  Tesla V100-SXM3...  On   | 00000000:5E:00.0 Off |                    0 |
| N/A   31C    P0    51W / 350W |     13MiB / 32480MiB |      0%      Default |
+-------------------------------+----------------------+----------------------+
|   8  Tesla V100-SXM3...  On   | 00000000:B7:00.0 Off |                    0 |
| N/A   26C    P0    48W / 350W |     13MiB / 32480MiB |      0%      Default |
+-------------------------------+----------------------+----------------------+
|   9  Tesla V100-SXM3...  On   | 00000000:B9:00.0 Off |                    0 |
| N/A   24C    P0    47W / 350W |     13MiB / 32480MiB |      0%      Default |
+-------------------------------+----------------------+----------------------+
|  10  Tesla V100-SXM3...  On   | 00000000:BC:00.0 Off |                    0 |
| N/A   31C    P0    50W / 350W |     13MiB / 32480MiB |      0%      Default |
+-------------------------------+----------------------+----------------------+
|  11  Tesla V100-SXM3...  On   | 00000000:BE:00.0 Off |                    0 |
| N/A   31C    P0    47W / 350W |     13MiB / 32480MiB |      0%      Default |
+-------------------------------+----------------------+----------------------+
|  12  Tesla V100-SXM3...  On   | 00000000:E0:00.0 Off |                    0 |
| N/A   26C    P0    47W / 350W |     13MiB / 32480MiB |      0%      Default |
+-------------------------------+----------------------+----------------------+
|  13  Tesla V100-SXM3...  On   | 00000000:E2:00.0 Off |                    0 |
| N/A   25C    P0    48W / 350W |     13MiB / 32480MiB |      0%      Default |
+-------------------------------+----------------------+----------------------+
|  14  Tesla V100-SXM3...  On   | 00000000:E5:00.0 Off |                    0 |
| N/A   30C    P0    48W / 350W |     13MiB / 32480MiB |      0%      Default |
+-------------------------------+----------------------+----------------------+
|  15  Tesla V100-SXM3...  On   | 00000000:E7:00.0 Off |                    0 |
| N/A   30C    P0    50W / 350W |     13MiB / 32480MiB |      0%      Default |
+-------------------------------+----------------------+----------------------+
                                                                               
+-----------------------------------------------------------------------------+
| Processes:                                                       GPU Memory |
|  GPU       PID   Type   Process name                             Usage      |
|=============================================================================|
|  No running processes found                                                 |
+-----------------------------------------------------------------------------+
Start training: 2019-12-09 16:32:26 on utopias.scream.lab
../scripts/marian-train-transformer-guidedalignment.sh -p trans-wmt19-escjsp2ja-sp40kpre.txt -d gpu
get-device.sh: On utopias.scream.lab CUDA_VISIBLE_DEVICES = 0,1,2,3,4,5,6,7,8,9,10,11,12,13,14,15 found, map to device-ids = 0 1 2 3 4 5 6 7 8 9 10 11 12 13 14 15. Mon Dec  9 16:32:24 2019       
+-----------------------------------------------------------------------------+
| NVIDIA-SMI 418.87.00    Driver Version: 418.87.00    CUDA Version: 10.1     |
|-------------------------------+----------------------+----------------------+
| GPU  Name        Persistence-M| Bus-Id        Disp.A | Volatile Uncorr. ECC |
| Fan  Temp  Perf  Pwr:Usage/Cap|         Memory-Usage | GPU-Util  Compute M. |
|===============================+======================+======================|
|   0  Tesla V100-SXM3...  On   | 00000000:34:00.0 Off |                    0 |
| N/A   26C    P0    49W / 350W |     13MiB / 32480MiB |      0%      Default |
+-------------------------------+----------------------+----------------------+
|   1  Tesla V100-SXM3...  On   | 00000000:36:00.0 Off |                    0 |
| N/A   26C    P0    48W / 350W |     13MiB / 32480MiB |      0%      Default |
+-------------------------------+----------------------+----------------------+
|   2  Tesla V100-SXM3...  On   | 00000000:39:00.0 Off |                    0 |
| N/A   32C    P0    49W / 350W |     13MiB / 32480MiB |      0%      Default |
+-------------------------------+----------------------+----------------------+
|   3  Tesla V100-SXM3...  On   | 00000000:3B:00.0 Off |                    0 |
| N/A   31C    P0    49W / 350W |     13MiB / 32480MiB |      0%      Default |
+-------------------------------+----------------------+----------------------+
|   4  Tesla V100-SXM3...  On   | 00000000:57:00.0 Off |                    0 |
| N/A   25C    P0    48W / 350W |     13MiB / 32480MiB |      0%      Default |
+-------------------------------+----------------------+----------------------+
|   5  Tesla V100-SXM3...  On   | 00000000:59:00.0 Off |                    0 |
| N/A   31C    P0    48W / 350W |     13MiB / 32480MiB |      0%      Default |
+-------------------------------+----------------------+----------------------+
|   6  Tesla V100-SXM3...  On   | 00000000:5C:00.0 Off |                    0 |
| N/A   26C    P0    48W / 350W |     13MiB / 32480MiB |      0%      Default |
+-------------------------------+----------------------+----------------------+
|   7  Tesla V100-SXM3...  On   | 00000000:5E:00.0 Off |                    0 |
| N/A   31C    P0    51W / 350W |     13MiB / 32480MiB |      0%      Default |
+-------------------------------+----------------------+----------------------+
|   8  Tesla V100-SXM3...  On   | 00000000:B7:00.0 Off |                    0 |
| N/A   26C    P0    48W / 350W |     13MiB / 32480MiB |      0%      Default |
+-------------------------------+----------------------+----------------------+
|   9  Tesla V100-SXM3...  On   | 00000000:B9:00.0 Off |                    0 |
| N/A   24C    P0    47W / 350W |     13MiB / 32480MiB |      0%      Default |
+-------------------------------+----------------------+----------------------+
|  10  Tesla V100-SXM3...  On   | 00000000:BC:00.0 Off |                    0 |
| N/A   31C    P0    50W / 350W |     13MiB / 32480MiB |      0%      Default |
+-------------------------------+----------------------+----------------------+
|  11  Tesla V100-SXM3...  On   | 00000000:BE:00.0 Off |                    0 |
| N/A   31C    P0    47W / 350W |     13MiB / 32480MiB |      0%      Default |
+-------------------------------+----------------------+----------------------+
|  12  Tesla V100-SXM3...  On   | 00000000:E0:00.0 Off |                    0 |
| N/A   26C    P0    47W / 350W |     13MiB / 32480MiB |      0%      Default |
+-------------------------------+----------------------+----------------------+
|  13  Tesla V100-SXM3...  On   | 00000000:E2:00.0 Off |                    0 |
| N/A   25C    P0    48W / 350W |     13MiB / 32480MiB |      0%      Default |
+-------------------------------+----------------------+----------------------+
|  14  Tesla V100-SXM3...  On   | 00000000:E5:00.0 Off |                    0 |
| N/A   31C    P0    48W / 350W |     13MiB / 32480MiB |      0%      Default |
+-------------------------------+----------------------+----------------------+
|  15  Tesla V100-SXM3...  On   | 00000000:E7:00.0 Off |                    0 |
| N/A   31C    P0    50W / 350W |     13MiB / 32480MiB |      0%      Default |
+-------------------------------+----------------------+----------------------+
                                                                               
+-----------------------------------------------------------------------------+
| Processes:                                                       GPU Memory |
|  GPU       PID   Type   Process name                             Usage      |
|=============================================================================|
|  No running processes found                                                 |
+-----------------------------------------------------------------------------+
Start training: 2019-12-09 16:34:22 on utopias.scream.lab
../scripts/marian-train-transformer-guidedalignment.sh -p trans-wmt19-escjsp2ja-sp40kpre.txt -d gpu
get-device.sh: On utopias.scream.lab CUDA_VISIBLE_DEVICES = 0,1,2,3,4,5,6,7,8,9,10,11,12,13,14,15 found, map to device-ids = 0 1 2 3 4 5 6 7 8 9 10 11 12 13 14 15. Mon Dec  9 16:34:20 2019       
+-----------------------------------------------------------------------------+
| NVIDIA-SMI 418.87.00    Driver Version: 418.87.00    CUDA Version: 10.1     |
|-------------------------------+----------------------+----------------------+
| GPU  Name        Persistence-M| Bus-Id        Disp.A | Volatile Uncorr. ECC |
| Fan  Temp  Perf  Pwr:Usage/Cap|         Memory-Usage | GPU-Util  Compute M. |
|===============================+======================+======================|
|   0  Tesla V100-SXM3...  On   | 00000000:34:00.0 Off |                    0 |
| N/A   27C    P0    49W / 350W |     13MiB / 32480MiB |      0%      Default |
+-------------------------------+----------------------+----------------------+
|   1  Tesla V100-SXM3...  On   | 00000000:36:00.0 Off |                    0 |
| N/A   26C    P0    48W / 350W |     13MiB / 32480MiB |      0%      Default |
+-------------------------------+----------------------+----------------------+
|   2  Tesla V100-SXM3...  On   | 00000000:39:00.0 Off |                    0 |
| N/A   32C    P0    49W / 350W |     13MiB / 32480MiB |      0%      Default |
+-------------------------------+----------------------+----------------------+
|   3  Tesla V100-SXM3...  On   | 00000000:3B:00.0 Off |                    0 |
| N/A   31C    P0    49W / 350W |     13MiB / 32480MiB |      0%      Default |
+-------------------------------+----------------------+----------------------+
|   4  Tesla V100-SXM3...  On   | 00000000:57:00.0 Off |                    0 |
| N/A   25C    P0    48W / 350W |     13MiB / 32480MiB |      0%      Default |
+-------------------------------+----------------------+----------------------+
|   5  Tesla V100-SXM3...  On   | 00000000:59:00.0 Off |                    0 |
| N/A   31C    P0    48W / 350W |     13MiB / 32480MiB |      0%      Default |
+-------------------------------+----------------------+----------------------+
|   6  Tesla V100-SXM3...  On   | 00000000:5C:00.0 Off |                    0 |
| N/A   26C    P0    48W / 350W |     13MiB / 32480MiB |      0%      Default |
+-------------------------------+----------------------+----------------------+
|   7  Tesla V100-SXM3...  On   | 00000000:5E:00.0 Off |                    0 |
| N/A   31C    P0    51W / 350W |     13MiB / 32480MiB |      0%      Default |
+-------------------------------+----------------------+----------------------+
|   8  Tesla V100-SXM3...  On   | 00000000:B7:00.0 Off |                    0 |
| N/A   26C    P0    48W / 350W |     13MiB / 32480MiB |      0%      Default |
+-------------------------------+----------------------+----------------------+
|   9  Tesla V100-SXM3...  On   | 00000000:B9:00.0 Off |                    0 |
| N/A   24C    P0    47W / 350W |     13MiB / 32480MiB |      0%      Default |
+-------------------------------+----------------------+----------------------+
|  10  Tesla V100-SXM3...  On   | 00000000:BC:00.0 Off |                    0 |
| N/A   31C    P0    51W / 350W |     13MiB / 32480MiB |      0%      Default |
+-------------------------------+----------------------+----------------------+
|  11  Tesla V100-SXM3...  On   | 00000000:BE:00.0 Off |                    0 |
| N/A   31C    P0    47W / 350W |     13MiB / 32480MiB |      0%      Default |
+-------------------------------+----------------------+----------------------+
|  12  Tesla V100-SXM3...  On   | 00000000:E0:00.0 Off |                    0 |
| N/A   27C    P0    47W / 350W |     13MiB / 32480MiB |      0%      Default |
+-------------------------------+----------------------+----------------------+
|  13  Tesla V100-SXM3...  On   | 00000000:E2:00.0 Off |                    0 |
| N/A   25C    P0    48W / 350W |     13MiB / 32480MiB |      0%      Default |
+-------------------------------+----------------------+----------------------+
|  14  Tesla V100-SXM3...  On   | 00000000:E5:00.0 Off |                    0 |
| N/A   31C    P0    48W / 350W |     13MiB / 32480MiB |      0%      Default |
+-------------------------------+----------------------+----------------------+
|  15  Tesla V100-SXM3...  On   | 00000000:E7:00.0 Off |                    0 |
| N/A   31C    P0    50W / 350W |     13MiB / 32480MiB |      0%      Default |
+-------------------------------+----------------------+----------------------+
                                                                               
+-----------------------------------------------------------------------------+
| Processes:                                                       GPU Memory |
|  GPU       PID   Type   Process name                             Usage      |
|=============================================================================|
|  No running processes found                                                 |
+-----------------------------------------------------------------------------+
