Start training: 2018-12-20 13:13:26 on exorcism.scream.lab
../scripts/marian-train-transformer.sh -p trans-wmt18preproc-bpe30k.txt -d gpu
get-device.sh: On exorcism.scream.lab CUDA_VISIBLE_DEVICES = 0,1,2,3 found, map to device-ids = 0 1 2 3. Thu Dec 20 13:13:26 2018       
+-----------------------------------------------------------------------------+
| NVIDIA-SMI 390.67                 Driver Version: 390.67                    |
|-------------------------------+----------------------+----------------------+
| GPU  Name        Persistence-M| Bus-Id        Disp.A | Volatile Uncorr. ECC |
| Fan  Temp  Perf  Pwr:Usage/Cap|         Memory-Usage | GPU-Util  Compute M. |
|===============================+======================+======================|
|   0  TITAN X (Pascal)    Off  | 00000000:02:00.0 Off |                  N/A |
| 23%   31C    P8    16W / 250W |     10MiB / 12196MiB |      0%      Default |
+-------------------------------+----------------------+----------------------+
|   1  TITAN X (Pascal)    Off  | 00000000:03:00.0 Off |                  N/A |
| 23%   33C    P8    16W / 250W |     10MiB / 12196MiB |      0%      Default |
+-------------------------------+----------------------+----------------------+
|   2  TITAN X (Pascal)    Off  | 00000000:82:00.0 Off |                  N/A |
| 23%   30C    P8    16W / 250W |     10MiB / 12196MiB |      0%      Default |
+-------------------------------+----------------------+----------------------+
|   3  TITAN X (Pascal)    Off  | 00000000:83:00.0 Off |                  N/A |
| 23%   32C    P8    15W / 250W |     10MiB / 12196MiB |      0%      Default |
+-------------------------------+----------------------+----------------------+
                                                                               
+-----------------------------------------------------------------------------+
| Processes:                                                       GPU Memory |
|  GPU       PID   Type   Process name                             Usage      |
|=============================================================================|
|  No running processes found                                                 |
+-----------------------------------------------------------------------------+
Start training: 2018-12-20 13:15:00 on exorcism.scream.lab
../scripts/marian-train-transformer.sh -p trans-wmt18preproc-bpe30k.txt -d gpu
get-device.sh: On exorcism.scream.lab CUDA_VISIBLE_DEVICES = 0,1,2,3 found, map to device-ids = 0 1 2 3. Thu Dec 20 13:15:00 2018       
+-----------------------------------------------------------------------------+
| NVIDIA-SMI 390.67                 Driver Version: 390.67                    |
|-------------------------------+----------------------+----------------------+
| GPU  Name        Persistence-M| Bus-Id        Disp.A | Volatile Uncorr. ECC |
| Fan  Temp  Perf  Pwr:Usage/Cap|         Memory-Usage | GPU-Util  Compute M. |
|===============================+======================+======================|
|   0  TITAN X (Pascal)    Off  | 00000000:02:00.0 Off |                  N/A |
| 23%   31C    P8    16W / 250W |     10MiB / 12196MiB |      0%      Default |
+-------------------------------+----------------------+----------------------+
|   1  TITAN X (Pascal)    Off  | 00000000:03:00.0 Off |                  N/A |
| 23%   33C    P8    16W / 250W |     10MiB / 12196MiB |      0%      Default |
+-------------------------------+----------------------+----------------------+
|   2  TITAN X (Pascal)    Off  | 00000000:82:00.0 Off |                  N/A |
| 23%   30C    P8    16W / 250W |     10MiB / 12196MiB |      0%      Default |
+-------------------------------+----------------------+----------------------+
|   3  TITAN X (Pascal)    Off  | 00000000:83:00.0 Off |                  N/A |
| 23%   32C    P8    15W / 250W |     10MiB / 12196MiB |      0%      Default |
+-------------------------------+----------------------+----------------------+
                                                                               
+-----------------------------------------------------------------------------+
| Processes:                                                       GPU Memory |
|  GPU       PID   Type   Process name                             Usage      |
|=============================================================================|
|  No running processes found                                                 |
+-----------------------------------------------------------------------------+
Start training: 2018-12-20 13:18:41 on exorcism.scream.lab
../scripts/marian-train-transformer.sh -p trans-wmt18preproc-bpe30k.txt -d gpu
get-device.sh: On exorcism.scream.lab CUDA_VISIBLE_DEVICES = 0,1,2,3 found, map to device-ids = 0 1 2 3. Thu Dec 20 13:18:41 2018       
+-----------------------------------------------------------------------------+
| NVIDIA-SMI 390.67                 Driver Version: 390.67                    |
|-------------------------------+----------------------+----------------------+
| GPU  Name        Persistence-M| Bus-Id        Disp.A | Volatile Uncorr. ECC |
| Fan  Temp  Perf  Pwr:Usage/Cap|         Memory-Usage | GPU-Util  Compute M. |
|===============================+======================+======================|
|   0  TITAN X (Pascal)    Off  | 00000000:02:00.0 Off |                  N/A |
| 23%   31C    P8    16W / 250W |     10MiB / 12196MiB |      0%      Default |
+-------------------------------+----------------------+----------------------+
|   1  TITAN X (Pascal)    Off  | 00000000:03:00.0 Off |                  N/A |
| 23%   33C    P8    16W / 250W |     10MiB / 12196MiB |      0%      Default |
+-------------------------------+----------------------+----------------------+
|   2  TITAN X (Pascal)    Off  | 00000000:82:00.0 Off |                  N/A |
| 23%   30C    P8    16W / 250W |     10MiB / 12196MiB |      0%      Default |
+-------------------------------+----------------------+----------------------+
|   3  TITAN X (Pascal)    Off  | 00000000:83:00.0 Off |                  N/A |
| 23%   32C    P8    15W / 250W |     10MiB / 12196MiB |      0%      Default |
+-------------------------------+----------------------+----------------------+
                                                                               
+-----------------------------------------------------------------------------+
| Processes:                                                       GPU Memory |
|  GPU       PID   Type   Process name                             Usage      |
|=============================================================================|
|  No running processes found                                                 |
+-----------------------------------------------------------------------------+
Start training: 2018-12-20 13:20:34 on exorcism.scream.lab
../scripts/marian-train-transformer.sh -p trans-wmt18preproc-bpe30k.txt -d gpu
get-device.sh: On exorcism.scream.lab CUDA_VISIBLE_DEVICES = 0,1,2,3 found, map to device-ids = 0 1 2 3. Thu Dec 20 13:20:34 2018       
+-----------------------------------------------------------------------------+
| NVIDIA-SMI 390.67                 Driver Version: 390.67                    |
|-------------------------------+----------------------+----------------------+
| GPU  Name        Persistence-M| Bus-Id        Disp.A | Volatile Uncorr. ECC |
| Fan  Temp  Perf  Pwr:Usage/Cap|         Memory-Usage | GPU-Util  Compute M. |
|===============================+======================+======================|
|   0  TITAN X (Pascal)    Off  | 00000000:02:00.0 Off |                  N/A |
| 23%   31C    P8    16W / 250W |     10MiB / 12196MiB |      0%      Default |
+-------------------------------+----------------------+----------------------+
|   1  TITAN X (Pascal)    Off  | 00000000:03:00.0 Off |                  N/A |
| 23%   33C    P8    16W / 250W |     10MiB / 12196MiB |      0%      Default |
+-------------------------------+----------------------+----------------------+
|   2  TITAN X (Pascal)    Off  | 00000000:82:00.0 Off |                  N/A |
| 23%   30C    P8    16W / 250W |     10MiB / 12196MiB |      0%      Default |
+-------------------------------+----------------------+----------------------+
|   3  TITAN X (Pascal)    Off  | 00000000:83:00.0 Off |                  N/A |
| 23%   32C    P8    15W / 250W |     10MiB / 12196MiB |      0%      Default |
+-------------------------------+----------------------+----------------------+
                                                                               
+-----------------------------------------------------------------------------+
| Processes:                                                       GPU Memory |
|  GPU       PID   Type   Process name                             Usage      |
|=============================================================================|
|  No running processes found                                                 |
+-----------------------------------------------------------------------------+
Start training: 2018-12-20 13:26:08 on exorcism.scream.lab
../scripts/marian-train-transformer.sh -p trans-wmt18preproc-bpe30k.txt -d gpu
get-device.sh: On exorcism.scream.lab CUDA_VISIBLE_DEVICES = 0,1,2,3 found, map to device-ids = 0 1 2 3. Thu Dec 20 13:26:08 2018       
+-----------------------------------------------------------------------------+
| NVIDIA-SMI 390.67                 Driver Version: 390.67                    |
|-------------------------------+----------------------+----------------------+
| GPU  Name        Persistence-M| Bus-Id        Disp.A | Volatile Uncorr. ECC |
| Fan  Temp  Perf  Pwr:Usage/Cap|         Memory-Usage | GPU-Util  Compute M. |
|===============================+======================+======================|
|   0  TITAN X (Pascal)    Off  | 00000000:02:00.0 Off |                  N/A |
| 23%   33C    P8    16W / 250W |     10MiB / 12196MiB |      0%      Default |
+-------------------------------+----------------------+----------------------+
|   1  TITAN X (Pascal)    Off  | 00000000:03:00.0 Off |                  N/A |
| 23%   34C    P8    17W / 250W |     10MiB / 12196MiB |      0%      Default |
+-------------------------------+----------------------+----------------------+
|   2  TITAN X (Pascal)    Off  | 00000000:82:00.0 Off |                  N/A |
| 23%   31C    P8    16W / 250W |     10MiB / 12196MiB |      0%      Default |
+-------------------------------+----------------------+----------------------+
|   3  TITAN X (Pascal)    Off  | 00000000:83:00.0 Off |                  N/A |
| 23%   32C    P8    15W / 250W |     10MiB / 12196MiB |      0%      Default |
+-------------------------------+----------------------+----------------------+
                                                                               
+-----------------------------------------------------------------------------+
| Processes:                                                       GPU Memory |
|  GPU       PID   Type   Process name                             Usage      |
|=============================================================================|
|  No running processes found                                                 |
+-----------------------------------------------------------------------------+
Start training: 2018-12-20 14:25:19 on exorcism.scream.lab
../scripts/marian-train-transformer-fix.sh -p trans-wmt18preproc-bpe30k.txt -d gpu
get-device.sh: On exorcism.scream.lab CUDA_VISIBLE_DEVICES = 0,1,2,3 found, map to device-ids = 0 1 2 3. Thu Dec 20 14:25:19 2018       
+-----------------------------------------------------------------------------+
| NVIDIA-SMI 390.67                 Driver Version: 390.67                    |
|-------------------------------+----------------------+----------------------+
| GPU  Name        Persistence-M| Bus-Id        Disp.A | Volatile Uncorr. ECC |
| Fan  Temp  Perf  Pwr:Usage/Cap|         Memory-Usage | GPU-Util  Compute M. |
|===============================+======================+======================|
|   0  TITAN X (Pascal)    Off  | 00000000:02:00.0 Off |                  N/A |
| 23%   33C    P8    16W / 250W |     10MiB / 12196MiB |      0%      Default |
+-------------------------------+----------------------+----------------------+
|   1  TITAN X (Pascal)    Off  | 00000000:03:00.0 Off |                  N/A |
| 23%   35C    P8    17W / 250W |     10MiB / 12196MiB |      0%      Default |
+-------------------------------+----------------------+----------------------+
|   2  TITAN X (Pascal)    Off  | 00000000:82:00.0 Off |                  N/A |
| 23%   32C    P8    16W / 250W |     10MiB / 12196MiB |      0%      Default |
+-------------------------------+----------------------+----------------------+
|   3  TITAN X (Pascal)    Off  | 00000000:83:00.0 Off |                  N/A |
| 23%   34C    P8    15W / 250W |     10MiB / 12196MiB |      0%      Default |
+-------------------------------+----------------------+----------------------+
                                                                               
+-----------------------------------------------------------------------------+
| Processes:                                                       GPU Memory |
|  GPU       PID   Type   Process name                             Usage      |
|=============================================================================|
|  No running processes found                                                 |
+-----------------------------------------------------------------------------+
